<?xml version="1.0" encoding="UTF-8"?>
<!-- Generated by org.testng.reporters.JUnitXMLReporter -->
<testsuite ignored="0" hostname="DESKTOP-UN74MVN" failures="0" tests="9" name="Test" time="100.059" errors="0" timestamp="2025-11-04T21:35:57 IST">
  <testcase classname="testcases.maternity_testcase" name="verifyMaternityModule" time="18.969"/>
  <testcase classname="testcases.maternity_testcase" name="verifyMaternitySubModule" time="2.373"/>
  <testcase classname="testcases.maternity_testcase" name="verifyNavigationBetweenMaternitySubModules" time="1.466"/>
  <testcase classname="testcases.maternity_testcase" name="verifyMaternityComponentsAreVisible" time="4.5"/>
  <testcase classname="testcases.maternity_testcase" name="editPatientInformationAndVerify" time="5.562"/>
  <testcase classname="testcases.maternity_testcase" name="verifyToSearchDataApplyDateFilter" time="17.648"/>
  <testcase classname="testcases.maternity_testcase" name="verifyDateRangeUsingDateRangeButton" time="13.858"/>
  <testcase classname="testcases.maternity_testcase" name="verifyViewAllMaternityPatientCheckBoxFunctionality" time="6.025"/>
  <testcase classname="testcases.maternity_testcase" name="searchAndVerifyKeywordInEveryResult" time="15.064"/>
</testsuite> <!-- Test -->
