<?xml version="1.0" encoding="UTF-8"?>
<!-- Generated by org.testng.reporters.JUnitReportReporter -->
<testsuite hostname="DESKTOP-UN74MVN" failures="0" tests="9" name="testcases.maternity_testcase" time="85.465" errors="0" timestamp="2025-11-04T21:35:57 IST" skipped="0">
  <testcase classname="testcases.maternity_testcase" name="verifyMaternityModule" time="18.969"/>
  <testcase classname="testcases.maternity_testcase" name="verifyMaternitySubModule" time="2.373"/>
  <testcase classname="testcases.maternity_testcase" name="verifyNavigationBetweenMaternitySubModules" time="1.466"/>
  <testcase classname="testcases.maternity_testcase" name="verifyMaternityComponentsAreVisible" time="4.500"/>
  <testcase classname="testcases.maternity_testcase" name="editPatientInformationAndVerify" time="5.562"/>
  <testcase classname="testcases.maternity_testcase" name="verifyToSearchDataApplyDateFilter" time="17.648"/>
  <testcase classname="testcases.maternity_testcase" name="verifyDateRangeUsingDateRangeButton" time="13.858"/>
  <testcase classname="testcases.maternity_testcase" name="verifyViewAllMaternityPatientCheckBoxFunctionality" time="6.025"/>
  <testcase classname="testcases.maternity_testcase" name="searchAndVerifyKeywordInEveryResult" time="15.064"/>
</testsuite> <!-- testcases.maternity_testcase -->
